0 info it worked if it ends with ok
1 verbose cli [ '/usr/local/bin/node',
1 verbose cli   '/usr/local/bin/npm',
1 verbose cli   'install',
1 verbose cli   '-g',
1 verbose cli   'less' ]
2 info using npm@2.15.9
3 info using node@v4.6.1
4 verbose install initial load of /usr/local/lib/package.json
5 verbose readDependencies loading dependencies from /usr/local/lib/package.json
6 silly cache add args [ 'less', null ]
7 verbose cache add spec less
8 silly cache add parsed spec Result {
8 silly cache add   raw: 'less',
8 silly cache add   scope: null,
8 silly cache add   name: 'less',
8 silly cache add   rawSpec: '',
8 silly cache add   spec: 'latest',
8 silly cache add   type: 'tag' }
9 silly addNamed less@latest
10 verbose addNamed "latest" is being treated as a dist-tag for less
11 info addNameTag [ 'less', 'latest' ]
12 silly mapToRegistry name less
13 silly mapToRegistry using default registry
14 silly mapToRegistry registry https://registry.npmjs.org/
15 silly mapToRegistry data Result {
15 silly mapToRegistry   raw: 'less',
15 silly mapToRegistry   scope: null,
15 silly mapToRegistry   name: 'less',
15 silly mapToRegistry   rawSpec: '',
15 silly mapToRegistry   spec: 'latest',
15 silly mapToRegistry   type: 'tag' }
16 silly mapToRegistry uri https://registry.npmjs.org/less
17 verbose addNameTag registry:https://registry.npmjs.org/less not in flight; fetching
18 verbose request uri https://registry.npmjs.org/less
19 verbose request no auth needed
20 info attempt registry request try #1 at 1:08:46 PM
21 verbose request id 2fc195a57117c7aa
22 verbose etag "6XPMA29XA4EDRHS4DVEWE9FAE"
23 http request GET https://registry.npmjs.org/less
24 http 304 https://registry.npmjs.org/less
25 verbose headers { date: 'Sun, 06 Nov 2016 20:08:45 GMT',
25 verbose headers   via: '1.1 varnish',
25 verbose headers   'cache-control': 'max-age=300',
25 verbose headers   etag: '"6XPMA29XA4EDRHS4DVEWE9FAE"',
25 verbose headers   age: '37',
25 verbose headers   connection: 'keep-alive',
25 verbose headers   'x-served-by': 'cache-sea1920-SEA',
25 verbose headers   'x-cache': 'HIT',
25 verbose headers   'x-cache-hits': '1',
25 verbose headers   'x-timer': 'S1478462925.448982,VS0,VE0',
25 verbose headers   vary: 'Accept-Encoding' }
26 silly get cb [ 304,
26 silly get   { date: 'Sun, 06 Nov 2016 20:08:45 GMT',
26 silly get     via: '1.1 varnish',
26 silly get     'cache-control': 'max-age=300',
26 silly get     etag: '"6XPMA29XA4EDRHS4DVEWE9FAE"',
26 silly get     age: '37',
26 silly get     connection: 'keep-alive',
26 silly get     'x-served-by': 'cache-sea1920-SEA',
26 silly get     'x-cache': 'HIT',
26 silly get     'x-cache-hits': '1',
26 silly get     'x-timer': 'S1478462925.448982,VS0,VE0',
26 silly get     vary: 'Accept-Encoding' } ]
27 verbose etag https://registry.npmjs.org/less from cache
28 verbose get saving less to /Users/Thai56/.npm/registry.npmjs.org/less/.cache.json
29 verbose correctMkdir /Users/Thai56/.npm correctMkdir not in flight; initializing
30 silly addNameTag next cb for less with tag latest
31 silly addNamed less@2.7.1
32 verbose addNamed "2.7.1" is a plain semver version for less
33 silly cache afterAdd less@2.7.1
34 verbose afterAdd /Users/Thai56/.npm/less/2.7.1/package/package.json not in flight; writing
35 verbose correctMkdir /Users/Thai56/.npm correctMkdir not in flight; initializing
36 verbose afterAdd /Users/Thai56/.npm/less/2.7.1/package/package.json written
37 silly install resolved [ { name: 'less',
37 silly install resolved     version: '2.7.1',
37 silly install resolved     description: 'Leaner CSS',
37 silly install resolved     homepage: 'http://lesscss.org',
37 silly install resolved     author: { name: 'Alexis Sellier', email: 'self@cloudhead.net' },
37 silly install resolved     contributors: [ [Object] ],
37 silly install resolved     bugs: { url: 'https://github.com/less/less.js/issues' },
37 silly install resolved     repository: { type: 'git', url: 'git+https://github.com/less/less.js.git' },
37 silly install resolved     master:
37 silly install resolved      { url: 'https://github.com/less/less.js/blob/master/',
37 silly install resolved        raw: 'https://raw.githubusercontent.com/less/less.js/master/' },
37 silly install resolved     license: 'Apache-2.0',
37 silly install resolved     bin: { lessc: './bin/lessc' },
37 silly install resolved     main: 'index',
37 silly install resolved     directories: { test: './test' },
37 silly install resolved     jam: { main: './dist/less.js' },
37 silly install resolved     browser: './dist/less.js',
37 silly install resolved     engines: { node: '>=0.12' },
37 silly install resolved     scripts: { test: 'grunt test' },
37 silly install resolved     optionalDependencies:
37 silly install resolved      { errno: '^0.1.1',
37 silly install resolved        'graceful-fs': '^4.1.2',
37 silly install resolved        'image-size': '~0.5.0',
37 silly install resolved        mime: '^1.2.11',
37 silly install resolved        mkdirp: '^0.5.0',
37 silly install resolved        promise: '^7.1.1',
37 silly install resolved        'source-map': '^0.5.3' },
37 silly install resolved     devDependencies:
37 silly install resolved      { diff: '^2.2.2',
37 silly install resolved        grunt: '^1.0.1',
37 silly install resolved        'grunt-browserify': '^5.0.0',
37 silly install resolved        'grunt-contrib-clean': '^1.0.0',
37 silly install resolved        'grunt-contrib-concat': '^1.0.1',
37 silly install resolved        'grunt-contrib-connect': '^1.0.2',
37 silly install resolved        'grunt-contrib-jasmine': '^1.0.3',
37 silly install resolved        'grunt-contrib-jshint': '^1.0.0',
37 silly install resolved        'grunt-contrib-uglify': '^1.0.1',
37 silly install resolved        'grunt-jscs': '^2.8.0',
37 silly install resolved        'grunt-saucelabs': '^8.6.2',
37 silly install resolved        'grunt-shell': '^1.3.0',
37 silly install resolved        'jit-grunt': '^0.10.0',
37 silly install resolved        'time-grunt': '^1.3.0' },
37 silly install resolved     keywords:
37 silly install resolved      [ 'compile less',
37 silly install resolved        'css nesting',
37 silly install resolved        'css variable',
37 silly install resolved        'css',
37 silly install resolved        'gradients css',
37 silly install resolved        'gradients css3',
37 silly install resolved        'less compiler',
37 silly install resolved        'less css',
37 silly install resolved        'less mixins',
37 silly install resolved        'less',
37 silly install resolved        'less.js',
37 silly install resolved        'lesscss',
37 silly install resolved        'mixins',
37 silly install resolved        'nested css',
37 silly install resolved        'parser',
37 silly install resolved        'preprocessor',
37 silly install resolved        'bootstrap css',
37 silly install resolved        'bootstrap less',
37 silly install resolved        'style',
37 silly install resolved        'styles',
37 silly install resolved        'stylesheet',
37 silly install resolved        'variables in css',
37 silly install resolved        'css less' ],
37 silly install resolved     rawcurrent: 'https://raw.github.com/less/less.js/v',
37 silly install resolved     sourcearchive: 'https://github.com/less/less.js/archive/v',
37 silly install resolved     gitHead: 'd3e1531370a36dd6e213c8b4da955d0a0e1d6eb7',
37 silly install resolved     dependencies:
37 silly install resolved      { errno: '^0.1.1',
37 silly install resolved        'graceful-fs': '^4.1.2',
37 silly install resolved        'image-size': '~0.5.0',
37 silly install resolved        mime: '^1.2.11',
37 silly install resolved        mkdirp: '^0.5.0',
37 silly install resolved        promise: '^7.1.1',
37 silly install resolved        'source-map': '^0.5.3' },
37 silly install resolved     _id: 'less@2.7.1',
37 silly install resolved     _shasum: '6cbfea22b3b830304e9a5fb371d54fa480c9d7cf',
37 silly install resolved     _from: 'less@latest',
37 silly install resolved     _npmVersion: '3.8.6',
37 silly install resolved     _nodeVersion: '6.1.0',
37 silly install resolved     _npmUser: { name: 'matthew-dean', email: 'matthewdean.me@gmail.com' },
37 silly install resolved     dist:
37 silly install resolved      { shasum: '6cbfea22b3b830304e9a5fb371d54fa480c9d7cf',
37 silly install resolved        tarball: 'https://registry.npmjs.org/less/-/less-2.7.1.tgz' },
37 silly install resolved     maintainers: [ [Object], [Object], [Object], [Object], [Object] ],
37 silly install resolved     _npmOperationalInternal:
37 silly install resolved      { host: 'packages-12-west.internal.npmjs.com',
37 silly install resolved        tmp: 'tmp/less-2.7.1.tgz_1462826329455_0.6074283130001277' },
37 silly install resolved     _resolved: 'https://registry.npmjs.org/less/-/less-2.7.1.tgz',
37 silly install resolved     readme: 'ERROR: No README data found!' } ]
38 info install less@2.7.1 into /usr/local/lib
39 info installOne less@2.7.1
40 verbose installOne of less to /usr/local/lib not in flight; installing
41 verbose correctMkdir /Users/Thai56/.npm/_locks correctMkdir not in flight; initializing
42 verbose lock using /Users/Thai56/.npm/_locks/less-c2213c903e2e7354.lock for /usr/local/lib/node_modules/less
43 silly install write writing less 2.7.1 to /usr/local/lib/node_modules/less
44 verbose unbuild lib/node_modules/less
45 silly gentlyRm /usr/local/lib/node_modules/less is being purged from base /usr/local
46 verbose gentlyRm don't care about contents; nuking /usr/local/lib/node_modules/less
47 verbose tar unpack /Users/Thai56/.npm/less/2.7.1/package.tgz
48 verbose tar unpacking to /usr/local/lib/node_modules/less
49 silly gentlyRm /usr/local/lib/node_modules/less is being purged
50 verbose gentlyRm don't care about contents; nuking /usr/local/lib/node_modules/less
51 silly gunzTarPerm modes [ '755', '644' ]
52 error tar.unpack untar error /Users/Thai56/.npm/less/2.7.1/package.tgz
53 verbose unlock done using /Users/Thai56/.npm/_locks/less-c2213c903e2e7354.lock for /usr/local/lib/node_modules/less
54 verbose fstream_path /usr/local/lib/node_modules/less
55 verbose fstream_type Directory
56 verbose fstream_class DirWriter
57 verbose stack Error: EACCES: permission denied, mkdir '/usr/local/lib/node_modules/less'
57 verbose stack     at Error (native)
58 verbose fstream_stack /usr/local/lib/node_modules/npm/node_modules/fstream/lib/dir-writer.js:35:25
58 verbose fstream_stack /usr/local/lib/node_modules/npm/node_modules/mkdirp/index.js:47:53
58 verbose fstream_stack FSReqWrap.oncomplete (fs.js:82:15)
59 verbose cwd /Users/Thai56/Desktop/dm16/WEEK_1/day4_Advance-HTML-CSS/WideOpenFail
60 error Darwin 15.6.0
61 error argv "/usr/local/bin/node" "/usr/local/bin/npm" "install" "-g" "less"
62 error node v4.6.1
63 error npm  v2.15.9
64 error path /usr/local/lib/node_modules/less
65 error code EACCES
66 error errno -13
67 error syscall mkdir
68 error Error: EACCES: permission denied, mkdir '/usr/local/lib/node_modules/less'
68 error     at Error (native)
68 error  { [Error: EACCES: permission denied, mkdir '/usr/local/lib/node_modules/less']
68 error   errno: -13,
68 error   code: 'EACCES',
68 error   syscall: 'mkdir',
68 error   path: '/usr/local/lib/node_modules/less',
68 error   fstream_type: 'Directory',
68 error   fstream_path: '/usr/local/lib/node_modules/less',
68 error   fstream_class: 'DirWriter',
68 error   fstream_stack:
68 error    [ '/usr/local/lib/node_modules/npm/node_modules/fstream/lib/dir-writer.js:35:25',
68 error      '/usr/local/lib/node_modules/npm/node_modules/mkdirp/index.js:47:53',
68 error      'FSReqWrap.oncomplete (fs.js:82:15)' ] }
69 error Please try running this command again as root/Administrator.
70 verbose exit [ -13, true ]
71 verbose unbuild lib/node_modules/less
72 silly gentlyRm /usr/local/lib/node_modules/less is being purged from base /usr/local
73 verbose gentlyRm don't care about contents; nuking /usr/local/lib/node_modules/less
